Loading mods from "/Users/danielmiller/r/MultiScrAI/spec/server/db.json"
Connecting to storage
New child runtime process 7767
Loading mods from "/Users/danielmiller/r/MultiScrAI/spec/server/db.json"
Connecting to storage
Got SIGTERM, disabling queue fetching
Storage connection lost
Storage connection lost
Loading mods from "/Users/danielmiller/r/MultiScrAI/spec/server/db.json"
Connecting to storage
New child runtime process 7853
Loading mods from "/Users/danielmiller/r/MultiScrAI/spec/server/db.json"
Connecting to storage
Got SIGTERM, disabling queue fetching
Storage connection lost
Storage connection lost
Loading mods from "/Users/danielmiller/r/MultiScrAI/spec/server/db.json"
Connecting to storage
New child runtime process 7863
Loading mods from "/Users/danielmiller/r/MultiScrAI/spec/server/db.json"
Connecting to storage
Got SIGTERM, disabling queue fetching
Storage connection lost
Storage connection lost
Loading mods from "/Users/danielmiller/r/MultiScrAI/spec/server/db.json"
Connecting to storage
New child runtime process 7872
Loading mods from "/Users/danielmiller/r/MultiScrAI/spec/server/db.json"
Connecting to storage
Got SIGTERM, disabling queue fetching
Storage connection lost
Storage connection lost
Loading mods from "/Users/danielmiller/r/MultiScrAI/spec/server/db.json"
Connecting to storage
New child runtime process 7911
Loading mods from "/Users/danielmiller/r/MultiScrAI/spec/server/db.json"
Connecting to storage
Got SIGTERM, disabling queue fetching
Storage connection lost
Storage connection lost
Loading mods from "/Users/danielmiller/r/MultiScrAI/spec/server/db.json"
Connecting to storage
New child runtime process 7994
Loading mods from "/Users/danielmiller/r/MultiScrAI/spec/server/db.json"
Connecting to storage
Got SIGTERM, disabling queue fetching
Storage connection lost
Storage connection lost
Loading mods from "/Users/danielmiller/r/MultiScrAI/spec/server/db.json"
Connecting to storage
New child runtime process 8011
Loading mods from "/Users/danielmiller/r/MultiScrAI/spec/server/db.json"
Connecting to storage
Got SIGTERM, disabling queue fetching
Storage connection lost
Storage connection lost
Loading mods from "/Users/danielmiller/r/MultiScrAI/spec/server/db.json"
Connecting to storage
New child runtime process 8021
Loading mods from "/Users/danielmiller/r/MultiScrAI/spec/server/db.json"
Connecting to storage
Got SIGTERM, disabling queue fetching
Storage connection lost
Storage connection lost
Loading mods from "/Users/danielmiller/r/MultiScrAI/spec/server/db.json"
Connecting to storage
New child runtime process 8075
Loading mods from "/Users/danielmiller/r/MultiScrAI/spec/server/db.json"
Connecting to storage
Got SIGTERM, disabling queue fetching
Storage connection lost
Storage connection lost
Loading mods from "/Users/danielmiller/r/MultiScrAI/spec/server/db.json"
Connecting to storage
New child runtime process 8101
Loading mods from "/Users/danielmiller/r/MultiScrAI/spec/server/db.json"
Connecting to storage
Got SIGTERM, disabling queue fetching
Storage connection lost
Storage connection lost
Loading mods from "/Users/danielmiller/r/MultiScrAI/spec/server/db.json"
Connecting to storage
New child runtime process 8122
Loading mods from "/Users/danielmiller/r/MultiScrAI/spec/server/db.json"
Connecting to storage
Got SIGTERM, disabling queue fetching
Storage connection lost
Storage connection lost
Loading mods from "/Users/danielmiller/r/MultiScrAI/spec/server/db.json"
Connecting to storage
New child runtime process 8131
Loading mods from "/Users/danielmiller/r/MultiScrAI/spec/server/db.json"
Connecting to storage
Got SIGTERM, disabling queue fetching
Storage connection lost
Storage connection lost
Loading mods from "/Users/danielmiller/r/MultiScrAI/spec/server/db.json"
Connecting to storage
New child runtime process 8157
Loading mods from "/Users/danielmiller/r/MultiScrAI/spec/server/db.json"
Connecting to storage
Got SIGTERM, disabling queue fetching
Storage connection lost
Storage connection lost
Loading mods from "/Users/danielmiller/r/MultiScrAI/spec/server/db.json"
Connecting to storage
New child runtime process 8164
Loading mods from "/Users/danielmiller/r/MultiScrAI/spec/server/db.json"
Connecting to storage
Got SIGTERM, disabling queue fetching
Storage connection lost
Storage connection lost
Loading mods from "/Users/danielmiller/r/MultiScrAI/spec/server/db.json"
Connecting to storage
New child runtime process 8174
Loading mods from "/Users/danielmiller/r/MultiScrAI/spec/server/db.json"
Connecting to storage
Got SIGTERM, disabling queue fetching
Storage connection lost
Storage connection lost
Loading mods from "/Users/danielmiller/r/MultiScrAI/spec/server/db.json"
Connecting to storage
New child runtime process 8181
Loading mods from "/Users/danielmiller/r/MultiScrAI/spec/server/db.json"
Connecting to storage
Got SIGTERM, disabling queue fetching
Storage connection lost
Storage connection lost
Loading mods from "/Users/danielmiller/r/MultiScrAI/spec/server/db.json"
Connecting to storage
New child runtime process 8191
Loading mods from "/Users/danielmiller/r/MultiScrAI/spec/server/db.json"
Connecting to storage
Got SIGTERM, disabling queue fetching
Storage connection lost
Storage connection lost
Loading mods from "/Users/danielmiller/r/MultiScrAI/spec/server/db.json"
Connecting to storage
New child runtime process 8201
Loading mods from "/Users/danielmiller/r/MultiScrAI/spec/server/db.json"
Connecting to storage
Got SIGTERM, disabling queue fetching
Storage connection lost
Storage connection lost
Loading mods from "/Users/danielmiller/r/MultiScrAI/spec/server/db.json"
Connecting to storage
New child runtime process 8208
Loading mods from "/Users/danielmiller/r/MultiScrAI/spec/server/db.json"
Connecting to storage
Got SIGTERM, disabling queue fetching
Storage connection lost
Storage connection lost
Loading mods from "/Users/danielmiller/r/MultiScrAI/spec/server/db.json"
Connecting to storage
New child runtime process 8217
Loading mods from "/Users/danielmiller/r/MultiScrAI/spec/server/db.json"
Connecting to storage
Got SIGTERM, disabling queue fetching
Storage connection lost
Storage connection lost
Loading mods from "/Users/danielmiller/r/MultiScrAI/spec/server/db.json"
Connecting to storage
New child runtime process 8224
Loading mods from "/Users/danielmiller/r/MultiScrAI/spec/server/db.json"
Connecting to storage
Got SIGTERM, disabling queue fetching
Storage connection lost
Storage connection lost
Loading mods from "/Users/danielmiller/r/MultiScrAI/spec/server/db.json"
Connecting to storage
New child runtime process 8232
Loading mods from "/Users/danielmiller/r/MultiScrAI/spec/server/db.json"
Connecting to storage
Got SIGTERM, disabling queue fetching
Storage connection lost
Storage connection lost
Loading mods from "/Users/danielmiller/r/MultiScrAI/spec/server/db.json"
Connecting to storage
New child runtime process 8238
Loading mods from "/Users/danielmiller/r/MultiScrAI/spec/server/db.json"
Connecting to storage
Got SIGTERM, disabling queue fetching
Storage connection lost
Storage connection lost
Loading mods from "/Users/danielmiller/r/MultiScrAI/spec/server/db.json"
Connecting to storage
New child runtime process 8301
Loading mods from "/Users/danielmiller/r/MultiScrAI/spec/server/db.json"
Connecting to storage
Got SIGTERM, disabling queue fetching
Storage connection lost
Storage connection lost
Loading mods from "/Users/danielmiller/r/MultiScrAI/spec/server/db.json"
Connecting to storage
New child runtime process 8310
Loading mods from "/Users/danielmiller/r/MultiScrAI/spec/server/db.json"
Connecting to storage
Got SIGTERM, disabling queue fetching
Storage connection lost
Storage connection lost
Connecting to storage
Connecting to storage
Storage connection lost { Error: connect ECONNREFUSED 127.0.0.1:21025
    at Object._errnoException (util.js:992:11)
    at _exceptionWithHostPort (util.js:1014:20)
    at TCPConnectWrap.afterConnect [as oncomplete] (net.js:1186:14)
  code: 'ECONNREFUSED',
  errno: 'ECONNREFUSED',
  syscall: 'connect',
  address: '127.0.0.1',
  port: 21025 }
Storage connection lost { Error: connect ECONNREFUSED 127.0.0.1:21025
    at Object._errnoException (util.js:992:11)
    at _exceptionWithHostPort (util.js:1014:20)
    at TCPConnectWrap.afterConnect [as oncomplete] (net.js:1186:14)
  code: 'ECONNREFUSED',
  errno: 'ECONNREFUSED',
  syscall: 'connect',
  address: '127.0.0.1',
  port: 21025 }
Loading mods from "/Users/danielmiller/r/MultiScrAI/spec/server/db.json"
Connecting to storage
New child runtime process 8523
Loading mods from "/Users/danielmiller/r/MultiScrAI/spec/server/db.json"
Connecting to storage
Got SIGTERM, disabling queue fetching
Storage connection lost
Storage connection lost
Loading mods from "/Users/danielmiller/r/MultiScrAI/spec/server/db.json"
Connecting to storage
New child runtime process 8531
Loading mods from "/Users/danielmiller/r/MultiScrAI/spec/server/db.json"
Connecting to storage
Got SIGTERM, disabling queue fetching
Storage connection lost
Storage connection lost
Loading mods from "/Users/danielmiller/r/MultiScrAI/spec/server/db.json"
Connecting to storage
New child runtime process 8541
Loading mods from "/Users/danielmiller/r/MultiScrAI/spec/server/db.json"
Connecting to storage
Got SIGTERM, disabling queue fetching
Storage connection lost
Storage connection lost
Loading mods from "/Users/danielmiller/r/MultiScrAI/spec/server/db.json"
Connecting to storage
New child runtime process 8593
Loading mods from "/Users/danielmiller/r/MultiScrAI/spec/server/db.json"
Connecting to storage
Got SIGTERM, disabling queue fetching
Storage connection lost
Storage connection lost
Connecting to storage
Connecting to storage
Storage connection lost { Error: connect ECONNREFUSED 127.0.0.1:21025
    at Object._errnoException (util.js:992:11)
    at _exceptionWithHostPort (util.js:1014:20)
    at TCPConnectWrap.afterConnect [as oncomplete] (net.js:1186:14)
  code: 'ECONNREFUSED',
  errno: 'ECONNREFUSED',
  syscall: 'connect',
  address: '127.0.0.1',
  port: 21025 }
Storage connection lost { Error: connect ECONNREFUSED 127.0.0.1:21025
    at Object._errnoException (util.js:992:11)
    at _exceptionWithHostPort (util.js:1014:20)
    at TCPConnectWrap.afterConnect [as oncomplete] (net.js:1186:14)
  code: 'ECONNREFUSED',
  errno: 'ECONNREFUSED',
  syscall: 'connect',
  address: '127.0.0.1',
  port: 21025 }
Loading mods from "/Users/danielmiller/r/MultiScrAI/spec/server/db.json"
Connecting to storage
New child runtime process 8601
Loading mods from "/Users/danielmiller/r/MultiScrAI/spec/server/db.json"
Connecting to storage
Got SIGTERM, disabling queue fetching
Storage connection lost
Storage connection lost
Loading mods from "/Users/danielmiller/r/MultiScrAI/spec/server/db.json"
Connecting to storage
New child runtime process 8832
Loading mods from "/Users/danielmiller/r/MultiScrAI/spec/server/db.json"
Connecting to storage
Got SIGTERM, disabling queue fetching
Storage connection lost
Storage connection lost
Loading mods from "/Users/danielmiller/r/MultiScrAI/spec/server/db.json"
Connecting to storage
New child runtime process 8845
Loading mods from "/Users/danielmiller/r/MultiScrAI/spec/server/db.json"
Connecting to storage
Got SIGTERM, disabling queue fetching
Storage connection lost
Storage connection lost
Loading mods from "/Users/danielmiller/r/MultiScrAI/spec/server/db.json"
Connecting to storage
New child runtime process 9034
Loading mods from "/Users/danielmiller/r/MultiScrAI/spec/server/db.json"
Connecting to storage
Got SIGTERM, disabling queue fetching
Storage connection lost
Storage connection lost
Loading mods from "/Users/danielmiller/r/MultiScrAI/spec/server/db.json"
Connecting to storage
New child runtime process 9038
Loading mods from "/Users/danielmiller/r/MultiScrAI/spec/server/db.json"
Connecting to storage
Got SIGTERM, disabling queue fetching
Storage connection lost
Storage connection lost
Loading mods from "/Users/danielmiller/r/MultiScrAI/spec/server/db.json"
Connecting to storage
New child runtime process 14973
Loading mods from "/Users/danielmiller/r/MultiScrAI/spec/server/db.json"
Connecting to storage
Got SIGTERM, disabling queue fetching
Storage connection lost
Storage connection lost
Loading mods from "/Users/danielmiller/r/MultiScrAI/spec/server/db.json"
Connecting to storage
New child runtime process 14977
Loading mods from "/Users/danielmiller/r/MultiScrAI/spec/server/db.json"
Connecting to storage
Got SIGTERM, disabling queue fetching
Storage connection lost
Storage connection lost
Loading mods from "/Users/danielmiller/r/MultiScrAI/spec/server/db.json"
Connecting to storage
New child runtime process 15027
Loading mods from "/Users/danielmiller/r/MultiScrAI/spec/server/db.json"
Connecting to storage
Got SIGTERM, disabling queue fetching
Storage connection lost
Storage connection lost
Loading mods from "/Users/danielmiller/r/MultiScrAI/spec/server/db.json"
Connecting to storage
New child runtime process 15031
Loading mods from "/Users/danielmiller/r/MultiScrAI/spec/server/db.json"
Connecting to storage
Got SIGTERM, disabling queue fetching
Storage connection lost
Storage connection lost
Loading mods from "/Users/danielmiller/r/MultiScrAI/spec/server/db.json"
Connecting to storage
New child runtime process 16905
Loading mods from "/Users/danielmiller/r/MultiScrAI/spec/server/db.json"
Connecting to storage
Got SIGTERM, disabling queue fetching
Storage connection lost
Storage connection lost
Loading mods from "/Users/danielmiller/r/MultiScrAI/spec/server/db.json"
Connecting to storage
New child runtime process 16909
Loading mods from "/Users/danielmiller/r/MultiScrAI/spec/server/db.json"
Connecting to storage
Got SIGTERM, disabling queue fetching
Storage connection lost
Storage connection lost
Loading mods from "/Users/danielmiller/r/MultiScrAI/spec/server/db.json"
Connecting to storage
New child runtime process 16923
Loading mods from "/Users/danielmiller/r/MultiScrAI/spec/server/db.json"
Connecting to storage
Got SIGTERM, disabling queue fetching
Storage connection lost
Storage connection lost
Loading mods from "/Users/danielmiller/r/MultiScrAI/spec/server/db.json"
Connecting to storage
New child runtime process 16927
Loading mods from "/Users/danielmiller/r/MultiScrAI/spec/server/db.json"
Connecting to storage
Got SIGTERM, disabling queue fetching
Storage connection lost
Storage connection lost
Loading mods from "/Users/danielmiller/r/MultiScrAI/spec/server/db.json"
Connecting to storage
New child runtime process 16939
Loading mods from "/Users/danielmiller/r/MultiScrAI/spec/server/db.json"
Connecting to storage
Got SIGTERM, disabling queue fetching
Storage connection lost
Storage connection lost
Loading mods from "/Users/danielmiller/r/MultiScrAI/spec/server/db.json"
Connecting to storage
New child runtime process 16943
Loading mods from "/Users/danielmiller/r/MultiScrAI/spec/server/db.json"
Connecting to storage
Got SIGTERM, disabling queue fetching
Storage connection lost
Storage connection lost
Loading mods from "/Users/danielmiller/r/MultiScrAI/spec/server/db.json"
Connecting to storage
New child runtime process 16955
Loading mods from "/Users/danielmiller/r/MultiScrAI/spec/server/db.json"
Connecting to storage
Got SIGTERM, disabling queue fetching
Storage connection lost
Storage connection lost
Loading mods from "/Users/danielmiller/r/MultiScrAI/spec/server/db.json"
Connecting to storage
New child runtime process 16959
Loading mods from "/Users/danielmiller/r/MultiScrAI/spec/server/db.json"
Connecting to storage
Got SIGTERM, disabling queue fetching
Storage connection lost
Storage connection lost
Loading mods from "/Users/danielmiller/r/MultiScrAI/spec/server/db.json"
Connecting to storage
New child runtime process 16967
Loading mods from "/Users/danielmiller/r/MultiScrAI/spec/server/db.json"
Connecting to storage
Got SIGTERM, disabling queue fetching
Storage connection lost
Storage connection lost
Loading mods from "/Users/danielmiller/r/MultiScrAI/spec/server/db.json"
Connecting to storage
New child runtime process 16971
Loading mods from "/Users/danielmiller/r/MultiScrAI/spec/server/db.json"
Connecting to storage
Got SIGTERM, disabling queue fetching
Storage connection lost
Storage connection lost
Loading mods from "/Users/danielmiller/r/MultiScrAI/spec/server/db.json"
Connecting to storage
New child runtime process 16993
Loading mods from "/Users/danielmiller/r/MultiScrAI/spec/server/db.json"
Connecting to storage
Got SIGTERM, disabling queue fetching
Storage connection lost
Storage connection lost
Loading mods from "/Users/danielmiller/r/MultiScrAI/spec/server/db.json"
Connecting to storage
New child runtime process 16997
Loading mods from "/Users/danielmiller/r/MultiScrAI/spec/server/db.json"
Connecting to storage
Got SIGTERM, disabling queue fetching
Storage connection lost
Storage connection lost
Loading mods from "/Users/danielmiller/r/MultiScrAI/spec/server/db.json"
Connecting to storage
New child runtime process 17021
Loading mods from "/Users/danielmiller/r/MultiScrAI/spec/server/db.json"
Connecting to storage
Got SIGTERM, disabling queue fetching
Storage connection lost
Storage connection lost
Loading mods from "/Users/danielmiller/r/MultiScrAI/spec/server/db.json"
Connecting to storage
New child runtime process 17025
Loading mods from "/Users/danielmiller/r/MultiScrAI/spec/server/db.json"
Connecting to storage
Got SIGTERM, disabling queue fetching
Storage connection lost
Storage connection lost
Loading mods from "/Users/danielmiller/r/MultiScrAI/spec/server/db.json"
Connecting to storage
New child runtime process 17032
Loading mods from "/Users/danielmiller/r/MultiScrAI/spec/server/db.json"
Connecting to storage
Got SIGTERM, disabling queue fetching
Storage connection lost
Storage connection lost
Loading mods from "/Users/danielmiller/r/MultiScrAI/spec/server/db.json"
Connecting to storage
New child runtime process 17036
Loading mods from "/Users/danielmiller/r/MultiScrAI/spec/server/db.json"
Connecting to storage
Got SIGTERM, disabling queue fetching
Storage connection lost
Storage connection lost
Loading mods from "/Users/danielmiller/r/MultiScrAI/spec/server/db.json"
Connecting to storage
New child runtime process 17046
Loading mods from "/Users/danielmiller/r/MultiScrAI/spec/server/db.json"
Connecting to storage
Got SIGTERM, disabling queue fetching
Storage connection lost
Storage connection lost
Loading mods from "/Users/danielmiller/r/MultiScrAI/spec/server/db.json"
Connecting to storage
New child runtime process 17050
Loading mods from "/Users/danielmiller/r/MultiScrAI/spec/server/db.json"
Connecting to storage
Got SIGTERM, disabling queue fetching
Storage connection lost
Storage connection lost
Loading mods from "/Users/danielmiller/r/MultiScrAI/spec/server/db.json"
Connecting to storage
New child runtime process 17057
Loading mods from "/Users/danielmiller/r/MultiScrAI/spec/server/db.json"
Connecting to storage
Got SIGTERM, disabling queue fetching
Storage connection lost
Storage connection lost
Loading mods from "/Users/danielmiller/r/MultiScrAI/spec/server/db.json"
Connecting to storage
New child runtime process 17061
Loading mods from "/Users/danielmiller/r/MultiScrAI/spec/server/db.json"
Connecting to storage
Got SIGTERM, disabling queue fetching
Storage connection lost
Storage connection lost
Loading mods from "/Users/danielmiller/r/MultiScrAI/spec/server/db.json"
Connecting to storage
New child runtime process 17068
Loading mods from "/Users/danielmiller/r/MultiScrAI/spec/server/db.json"
Connecting to storage
Got SIGTERM, disabling queue fetching
Storage connection lost
Storage connection lost
Loading mods from "/Users/danielmiller/r/MultiScrAI/spec/server/db.json"
Connecting to storage
New child runtime process 17072
Loading mods from "/Users/danielmiller/r/MultiScrAI/spec/server/db.json"
Connecting to storage
Got SIGTERM, disabling queue fetching
Storage connection lost
Storage connection lost
Loading mods from "/Users/danielmiller/r/MultiScrAI/spec/server/db.json"
Connecting to storage
New child runtime process 17079
Loading mods from "/Users/danielmiller/r/MultiScrAI/spec/server/db.json"
Connecting to storage
Got SIGTERM, disabling queue fetching
Storage connection lost
Storage connection lost
Loading mods from "/Users/danielmiller/r/MultiScrAI/spec/server/db.json"
Connecting to storage
New child runtime process 17084
Loading mods from "/Users/danielmiller/r/MultiScrAI/spec/server/db.json"
Connecting to storage
Got SIGTERM, disabling queue fetching
Storage connection lost
Storage connection lost
Loading mods from "/Users/danielmiller/r/MultiScrAI/spec/server/db.json"
Connecting to storage
New child runtime process 18520
Loading mods from "/Users/danielmiller/r/MultiScrAI/spec/server/db.json"
Connecting to storage
Got SIGTERM, disabling queue fetching
Storage connection lost
Storage connection lost
Loading mods from "/Users/danielmiller/r/MultiScrAI/spec/server/db.json"
Connecting to storage
New child runtime process 18524
Loading mods from "/Users/danielmiller/r/MultiScrAI/spec/server/db.json"
Connecting to storage
Got SIGTERM, disabling queue fetching
Storage connection lost
Storage connection lost
